<?xml version="1.0" encoding="UTF-8"?>
<testng-results skipped="0" failed="0" ignored="0" total="3" passed="3">
  <reporter-output>
  </reporter-output>
  <suite name="Default suite" duration-ms="3139" started-at="2021-03-01T20:39:34 IST" finished-at="2021-03-01T20:39:37 IST">
    <groups>
    </groups>
    <test name="Default test" duration-ms="3139" started-at="2021-03-01T20:39:34 IST" finished-at="2021-03-01T20:39:37 IST">
      <class name="tests.PutPatchDeleteExamples">
        <test-method status="PASS" signature="testDelete()[pri:0, instance:tests.PutPatchDeleteExamples@4e7dc304]" name="testDelete" duration-ms="2652" started-at="2021-03-01T20:39:34 IST" finished-at="2021-03-01T20:39:37 IST">
          <reporter-output>
          </reporter-output>
        </test-method> <!-- testDelete -->
        <test-method status="PASS" signature="testPatch()[pri:0, instance:tests.PutPatchDeleteExamples@4e7dc304]" name="testPatch" duration-ms="254" started-at="2021-03-01T20:39:37 IST" finished-at="2021-03-01T20:39:37 IST">
          <reporter-output>
          </reporter-output>
        </test-method> <!-- testPatch -->
        <test-method status="PASS" signature="testPut()[pri:0, instance:tests.PutPatchDeleteExamples@4e7dc304]" name="testPut" duration-ms="164" started-at="2021-03-01T20:39:37 IST" finished-at="2021-03-01T20:39:37 IST">
          <reporter-output>
          </reporter-output>
        </test-method> <!-- testPut -->
      </class> <!-- tests.PutPatchDeleteExamples -->
    </test> <!-- Default test -->
  </suite> <!-- Default suite -->
</testng-results>
