<?xml version="1.0" encoding="UTF-8"?>
<!-- Generated by org.testng.reporters.JUnitXMLReporter -->
<testsuite hostname="WDFV41000632D" ignored="0" name="Default test" tests="3" failures="0" timestamp="2021-03-01T20:39:37 IST" time="3.139" errors="0">
  <testcase name="testDelete" time="2.652" classname="tests.PutPatchDeleteExamples"/>
  <testcase name="testPatch" time="0.254" classname="tests.PutPatchDeleteExamples"/>
  <testcase name="testPut" time="0.164" classname="tests.PutPatchDeleteExamples"/>
</testsuite> <!-- Default test -->
